#! /usr/bin/vvp
:ivl_version "10.3 (stable)";
:ivl_delay_selection "TYPICAL";
:vpi_time_precision - 12;
:vpi_module "system";
:vpi_module "vhdl_sys";
:vpi_module "v2005_math";
:vpi_module "va_math";
S_0x55eb1fc79140 .scope module, "iiitb_sd_fsm_tb" "iiitb_sd_fsm_tb" 2 5;
 .timescale -9 -12;
v0x55eb1fc8f350_0 .var "clock", 0 0;
v0x55eb1fc8f410_0 .net "detector_out", 0 0, v0x55eb1fc8ef50_0;  1 drivers
v0x55eb1fc8f4e0_0 .var "reset", 0 0;
v0x55eb1fc8f5e0_0 .var "sequence_in", 0 0;
S_0x55eb1fc792c0 .scope module, "uut" "iiitb_sd_fsm" 2 16, 3 1 0, S_0x55eb1fc79140;
 .timescale 0 0;
    .port_info 0 /INPUT 1 "sequence_in"
    .port_info 1 /INPUT 1 "clock"
    .port_info 2 /INPUT 1 "reset"
    .port_info 3 /OUTPUT 1 "detector_out"
P_0x55eb1fc3d030 .param/l "One" 0 3 7, C4<001>;
P_0x55eb1fc3d070 .param/l "OneZero" 0 3 8, C4<011>;
P_0x55eb1fc3d0b0 .param/l "OneZeroOne" 0 3 9, C4<010>;
P_0x55eb1fc3d0f0 .param/l "OneZeroOneOne" 0 3 10, C4<110>;
P_0x55eb1fc3d130 .param/l "OneZeroOneOneOne" 0 3 11, C4<111>;
P_0x55eb1fc3d170 .param/l "Zero" 0 3 6, C4<000>;
v0x55eb1fc64db0_0 .net "clock", 0 0, v0x55eb1fc8f350_0;  1 drivers
v0x55eb1fc8ee70_0 .var "current_state", 2 0;
v0x55eb1fc8ef50_0 .var "detector_out", 0 0;
v0x55eb1fc8f020_0 .var "next_state", 2 0;
v0x55eb1fc8f100_0 .net "reset", 0 0, v0x55eb1fc8f4e0_0;  1 drivers
v0x55eb1fc8f210_0 .net "sequence_in", 0 0, v0x55eb1fc8f5e0_0;  1 drivers
E_0x55eb1fc72e60 .event edge, v0x55eb1fc8ee70_0;
E_0x55eb1fc72590 .event edge, v0x55eb1fc8f210_0, v0x55eb1fc8ee70_0;
E_0x55eb1fc72fb0 .event posedge, v0x55eb1fc8f100_0, v0x55eb1fc64db0_0;
    .scope S_0x55eb1fc792c0;
T_0 ;
    %wait E_0x55eb1fc72fb0;
    %load/vec4 v0x55eb1fc8f100_0;
    %pad/u 32;
    %cmpi/e 1, 0, 32;
    %jmp/0xz  T_0.0, 4;
    %pushi/vec4 0, 0, 3;
    %assign/vec4 v0x55eb1fc8ee70_0, 0;
    %jmp T_0.1;
T_0.0 ;
    %load/vec4 v0x55eb1fc8f020_0;
    %assign/vec4 v0x55eb1fc8ee70_0, 0;
T_0.1 ;
    %jmp T_0;
    .thread T_0;
    .scope S_0x55eb1fc792c0;
T_1 ;
    %wait E_0x55eb1fc72590;
    %load/vec4 v0x55eb1fc8ee70_0;
    %dup/vec4;
    %pushi/vec4 0, 0, 3;
    %cmp/u;
    %jmp/1 T_1.0, 6;
    %dup/vec4;
    %pushi/vec4 1, 0, 3;
    %cmp/u;
    %jmp/1 T_1.1, 6;
    %dup/vec4;
    %pushi/vec4 3, 0, 3;
    %cmp/u;
    %jmp/1 T_1.2, 6;
    %dup/vec4;
    %pushi/vec4 2, 0, 3;
    %cmp/u;
    %jmp/1 T_1.3, 6;
    %dup/vec4;
    %pushi/vec4 6, 0, 3;
    %cmp/u;
    %jmp/1 T_1.4, 6;
    %dup/vec4;
    %pushi/vec4 7, 0, 3;
    %cmp/u;
    %jmp/1 T_1.5, 6;
    %pushi/vec4 0, 0, 3;
    %store/vec4 v0x55eb1fc8f020_0, 0, 3;
    %jmp T_1.7;
T_1.0 ;
    %load/vec4 v0x55eb1fc8f210_0;
    %pad/u 32;
    %cmpi/e 1, 0, 32;
    %jmp/0xz  T_1.8, 4;
    %pushi/vec4 1, 0, 3;
    %store/vec4 v0x55eb1fc8f020_0, 0, 3;
    %jmp T_1.9;
T_1.8 ;
    %pushi/vec4 0, 0, 3;
    %store/vec4 v0x55eb1fc8f020_0, 0, 3;
T_1.9 ;
    %jmp T_1.7;
T_1.1 ;
    %load/vec4 v0x55eb1fc8f210_0;
    %pad/u 32;
    %cmpi/e 0, 0, 32;
    %jmp/0xz  T_1.10, 4;
    %pushi/vec4 3, 0, 3;
    %store/vec4 v0x55eb1fc8f020_0, 0, 3;
    %jmp T_1.11;
T_1.10 ;
    %pushi/vec4 1, 0, 3;
    %store/vec4 v0x55eb1fc8f020_0, 0, 3;
T_1.11 ;
    %jmp T_1.7;
T_1.2 ;
    %load/vec4 v0x55eb1fc8f210_0;
    %pad/u 32;
    %cmpi/e 0, 0, 32;
    %jmp/0xz  T_1.12, 4;
    %pushi/vec4 0, 0, 3;
    %store/vec4 v0x55eb1fc8f020_0, 0, 3;
    %jmp T_1.13;
T_1.12 ;
    %pushi/vec4 2, 0, 3;
    %store/vec4 v0x55eb1fc8f020_0, 0, 3;
T_1.13 ;
    %jmp T_1.7;
T_1.3 ;
    %load/vec4 v0x55eb1fc8f210_0;
    %pad/u 32;
    %cmpi/e 0, 0, 32;
    %jmp/0xz  T_1.14, 4;
    %pushi/vec4 3, 0, 3;
    %store/vec4 v0x55eb1fc8f020_0, 0, 3;
    %jmp T_1.15;
T_1.14 ;
    %pushi/vec4 6, 0, 3;
    %store/vec4 v0x55eb1fc8f020_0, 0, 3;
T_1.15 ;
    %jmp T_1.7;
T_1.4 ;
    %load/vec4 v0x55eb1fc8f210_0;
    %pad/u 32;
    %cmpi/e 0, 0, 32;
    %jmp/0xz  T_1.16, 4;
    %pushi/vec4 3, 0, 3;
    %store/vec4 v0x55eb1fc8f020_0, 0, 3;
    %jmp T_1.17;
T_1.16 ;
    %pushi/vec4 7, 0, 3;
    %store/vec4 v0x55eb1fc8f020_0, 0, 3;
T_1.17 ;
    %jmp T_1.7;
T_1.5 ;
    %load/vec4 v0x55eb1fc8f210_0;
    %pad/u 32;
    %cmpi/e 1, 0, 32;
    %jmp/0xz  T_1.18, 4;
    %pushi/vec4 1, 0, 3;
    %store/vec4 v0x55eb1fc8f020_0, 0, 3;
    %jmp T_1.19;
T_1.18 ;
    %pushi/vec4 3, 0, 3;
    %store/vec4 v0x55eb1fc8f020_0, 0, 3;
T_1.19 ;
    %jmp T_1.7;
T_1.7 ;
    %pop/vec4 1;
    %jmp T_1;
    .thread T_1, $push;
    .scope S_0x55eb1fc792c0;
T_2 ;
    %wait E_0x55eb1fc72e60;
    %load/vec4 v0x55eb1fc8ee70_0;
    %dup/vec4;
    %pushi/vec4 0, 0, 3;
    %cmp/u;
    %jmp/1 T_2.0, 6;
    %dup/vec4;
    %pushi/vec4 1, 0, 3;
    %cmp/u;
    %jmp/1 T_2.1, 6;
    %dup/vec4;
    %pushi/vec4 3, 0, 3;
    %cmp/u;
    %jmp/1 T_2.2, 6;
    %dup/vec4;
    %pushi/vec4 2, 0, 3;
    %cmp/u;
    %jmp/1 T_2.3, 6;
    %dup/vec4;
    %pushi/vec4 6, 0, 3;
    %cmp/u;
    %jmp/1 T_2.4, 6;
    %dup/vec4;
    %pushi/vec4 7, 0, 3;
    %cmp/u;
    %jmp/1 T_2.5, 6;
    %pushi/vec4 0, 0, 1;
    %store/vec4 v0x55eb1fc8ef50_0, 0, 1;
    %jmp T_2.7;
T_2.0 ;
    %pushi/vec4 0, 0, 1;
    %store/vec4 v0x55eb1fc8ef50_0, 0, 1;
    %jmp T_2.7;
T_2.1 ;
    %pushi/vec4 0, 0, 1;
    %store/vec4 v0x55eb1fc8ef50_0, 0, 1;
    %jmp T_2.7;
T_2.2 ;
    %pushi/vec4 0, 0, 1;
    %store/vec4 v0x55eb1fc8ef50_0, 0, 1;
    %jmp T_2.7;
T_2.3 ;
    %pushi/vec4 0, 0, 1;
    %store/vec4 v0x55eb1fc8ef50_0, 0, 1;
    %jmp T_2.7;
T_2.4 ;
    %pushi/vec4 0, 0, 1;
    %store/vec4 v0x55eb1fc8ef50_0, 0, 1;
    %jmp T_2.7;
T_2.5 ;
    %pushi/vec4 1, 0, 1;
    %store/vec4 v0x55eb1fc8ef50_0, 0, 1;
    %jmp T_2.7;
T_2.7 ;
    %pop/vec4 1;
    %jmp T_2;
    .thread T_2, $push;
    .scope S_0x55eb1fc79140;
T_3 ;
    %pushi/vec4 0, 0, 1;
    %store/vec4 v0x55eb1fc8f350_0, 0, 1;
    %vpi_call 2 24 "$dumpfile", "sd_fsm.vcd" {0 0 0};
    %vpi_call 2 25 "$dumpvars", 32'sb00000000000000000000000000000000 {0 0 0};
T_3.0 ;
    %delay 5000, 0;
    %load/vec4 v0x55eb1fc8f350_0;
    %inv;
    %store/vec4 v0x55eb1fc8f350_0, 0, 1;
    %jmp T_3.0;
    %end;
    .thread T_3;
    .scope S_0x55eb1fc79140;
T_4 ;
    %delay 200000, 0;
    %vpi_call 2 28 "$finish" {0 0 0};
    %end;
    .thread T_4;
    .scope S_0x55eb1fc79140;
T_5 ;
    %pushi/vec4 0, 0, 1;
    %store/vec4 v0x55eb1fc8f5e0_0, 0, 1;
    %pushi/vec4 1, 0, 1;
    %store/vec4 v0x55eb1fc8f4e0_0, 0, 1;
    %delay 10000, 0;
    %pushi/vec4 0, 0, 1;
    %store/vec4 v0x55eb1fc8f4e0_0, 0, 1;
    %delay 10000, 0;
    %pushi/vec4 1, 0, 1;
    %store/vec4 v0x55eb1fc8f5e0_0, 0, 1;
    %delay 10000, 0;
    %pushi/vec4 0, 0, 1;
    %store/vec4 v0x55eb1fc8f5e0_0, 0, 1;
    %delay 10000, 0;
    %pushi/vec4 1, 0, 1;
    %store/vec4 v0x55eb1fc8f5e0_0, 0, 1;
    %delay 10000, 0;
    %pushi/vec4 1, 0, 1;
    %store/vec4 v0x55eb1fc8f5e0_0, 0, 1;
    %delay 10000, 0;
    %pushi/vec4 1, 0, 1;
    %store/vec4 v0x55eb1fc8f5e0_0, 0, 1;
    %delay 10000, 0;
    %pushi/vec4 0, 0, 1;
    %store/vec4 v0x55eb1fc8f5e0_0, 0, 1;
    %end;
    .thread T_5;
# The file index is used to find the file name in the following table.
:file_names 4;
    "N/A";
    "<interactive>";
    "iiitb_sd_fsm1_tb.v";
    "iiitb_sd_fsm1.v";
